<?xml version="1.0" encoding="UTF-8"?>
<testsuite xmlns:xsi="http://www.w3.org/2001/XMLSchema-instance" xsi:noNamespaceSchemaLocation="https://maven.apache.org/surefire/maven-surefire-plugin/xsd/surefire-test-report.xsd" name="controle.fosforo.TesteControleFosforo" time="0" tests="7" errors="0" skipped="0" failures="0">
  <properties>
[...]
</properties>
  <testcase name="testeTeorFosforoCorrecao" classname="controle.fosforo.TesteControleFosforo" time="0"/>
  <testcase name="testeCalcFonteFosforoCorrecao" classname="controle.fosforo.TesteControleFosforo" time="0"/>
  <testcase name="testeCalcFonteFosforo" classname="controle.fosforo.TesteControleFosforo" time="0"/>
  <testcase name="testeCalcCustoCorrecao" classname="controle.fosforo.TesteControleFosforo" time="0"/>
  <testcase name="testeFosforoIdealInvalido" classname="controle.fosforo.TesteControleFosforo" time="0"/>
  <testcase name="testeQtdAplicadaFosforo" classname="controle.fosforo.TesteControleFosforo" time="0"/>
  <testcase name="testeFosforoIdealValido" classname="controle.fosforo.TesteControleFosforo" time="0"/>
</testsuite>